<?xml version="1.0" encoding="UTF-8"?>
<testng-results skipped="0" failed="1" total="1" passed="0">
  <reporter-output>
  </reporter-output>
  <suite name="Guru99EcomSuite" duration-ms="23398" started-at="2020-07-11T17:24:22Z" finished-at="2020-07-11T17:24:45Z">
    <groups>
    </groups>
    <test name="Guru99EcomTest" duration-ms="23398" started-at="2020-07-11T17:24:22Z" finished-at="2020-07-11T17:24:45Z">
      <class name="com.guru.test.HomepagePageTest">
        <test-method status="PASS" signature="extendReportConfig()[pri:0, instance:com.guru.test.HomepagePageTest@598067a5]" name="extendReportConfig" is-config="true" duration-ms="482" started-at="2020-07-11T22:54:22Z" finished-at="2020-07-11T22:54:22Z">
          <reporter-output>
          </reporter-output>
        </test-method> <!-- extendReportConfig -->
        <test-method status="PASS" signature="setUp()[pri:0, instance:com.guru.test.HomepagePageTest@598067a5]" name="setUp" is-config="true" duration-ms="17399" started-at="2020-07-11T22:54:22Z" finished-at="2020-07-11T22:54:40Z">
          <reporter-output>
          </reporter-output>
        </test-method> <!-- setUp -->
        <test-method status="FAIL" signature="verify_Homepage_Title()[pri:0, instance:com.guru.test.HomepagePageTest@598067a5]" name="verify_Homepage_Title" duration-ms="31" started-at="2020-07-11T22:54:40Z" finished-at="2020-07-11T22:54:40Z">
          <exception class="java.lang.AssertionError">
            <message>
              <![CDATA[expected [true] but found [false]]]>
            </message>
            <full-stacktrace>
              <![CDATA[java.lang.AssertionError: expected [true] but found [false]
	at org.testng.Assert.fail(Assert.java:94)
	at org.testng.Assert.failNotEquals(Assert.java:513)
	at org.testng.Assert.assertTrue(Assert.java:42)
	at org.testng.Assert.assertTrue(Assert.java:52)
	at com.guru.test.HomepagePageTest.verify_Homepage_Title(HomepagePageTest.java:18)
	at sun.reflect.NativeMethodAccessorImpl.invoke0(Native Method)
	at sun.reflect.NativeMethodAccessorImpl.invoke(Unknown Source)
	at sun.reflect.DelegatingMethodAccessorImpl.invoke(Unknown Source)
	at java.lang.reflect.Method.invoke(Unknown Source)
	at org.testng.internal.MethodInvocationHelper.invokeMethod(MethodInvocationHelper.java:86)
	at org.testng.internal.Invoker.invokeMethod(Invoker.java:646)
	at org.testng.internal.Invoker.invokeTestMethod(Invoker.java:823)
	at org.testng.internal.Invoker.invokeTestMethods(Invoker.java:1131)
	at org.testng.internal.TestMethodWorker.invokeTestMethods(TestMethodWorker.java:129)
	at org.testng.internal.TestMethodWorker.run(TestMethodWorker.java:112)
	at org.testng.TestRunner.privateRun(TestRunner.java:778)
	at org.testng.TestRunner.run(TestRunner.java:632)
	at org.testng.SuiteRunner.runTest(SuiteRunner.java:366)
	at org.testng.SuiteRunner.runSequentially(SuiteRunner.java:361)
	at org.testng.SuiteRunner.privateRun(SuiteRunner.java:319)
	at org.testng.SuiteRunner.run(SuiteRunner.java:268)
	at org.testng.SuiteRunnerWorker.runSuite(SuiteRunnerWorker.java:52)
	at org.testng.SuiteRunnerWorker.run(SuiteRunnerWorker.java:86)
	at org.testng.TestNG.runSuitesSequentially(TestNG.java:1225)
	at org.testng.TestNG.runSuitesLocally(TestNG.java:1150)
	at org.testng.TestNG.runSuites(TestNG.java:1075)
	at org.testng.TestNG.run(TestNG.java:1047)
	at org.testng.remote.AbstractRemoteTestNG.run(AbstractRemoteTestNG.java:126)
	at org.testng.remote.RemoteTestNG.initAndRun(RemoteTestNG.java:137)
	at org.testng.remote.RemoteTestNG.main(RemoteTestNG.java:58)
]]>
            </full-stacktrace>
          </exception> <!-- java.lang.AssertionError -->
          <reporter-output>
          </reporter-output>
        </test-method> <!-- verify_Homepage_Title -->
        <test-method status="PASS" signature="tearDown(org.testng.ITestResult)[pri:0, instance:com.guru.test.HomepagePageTest@598067a5]" name="tearDown" is-config="true" duration-ms="5445" started-at="2020-07-11T22:54:40Z" finished-at="2020-07-11T22:54:45Z">
          <params>
            <param index="0">
              <value>
                <![CDATA[[TestResult name=verify_Homepage_Title status=FAILURE method=HomepagePageTest.verify_Homepage_Title()[pri:0, instance:com.guru.test.HomepagePageTest@598067a5] output={null}]]]>
              </value>
            </param>
          </params>
          <reporter-output>
          </reporter-output>
        </test-method> <!-- tearDown -->
      </class> <!-- com.guru.test.HomepagePageTest -->
    </test> <!-- Guru99EcomTest -->
  </suite> <!-- Guru99EcomSuite -->
</testng-results>
