<?xml version="1.0" encoding="UTF-8"?>
<!-- Generated by org.testng.reporters.JUnitXMLReporter -->
<testsuite hostname="DESKTOP-HT38EU9" name="Guru99EcomTest" tests="1" failures="1" timestamp="11 Jul 2020 17:24:45 GMT" time="23.398" errors="0">
  <testcase name="verify_Homepage_Title" time="0.031" classname="com.guru.test.HomepagePageTest">
    <failure type="java.lang.AssertionError" message="expected [true] but found [false]">
      <![CDATA[java.lang.AssertionError: expected [true] but found [false]
	at com.guru.test.HomepagePageTest.verify_Homepage_Title(HomepagePageTest.java:18)
... Removed 29 stack frames]]>
    </failure>
  </testcase> <!-- verify_Homepage_Title -->
</testsuite> <!-- Guru99EcomTest -->
